<?xml version="1.0" encoding="UTF-8" ?>
<testsuites errors="0"
            failures="1"
            tests="1">

  <testsuite name="rewardsTest"
    errors="0" failures="1" hostname="" id="" package="rewardsTest" skipped="0"
    tests="1" time="135.8" timestamp="">
  
    <testcase name="rewards page check" classname="rewardsTest" time="67.88" assertions="7">

    

    

    

    

    

      <failure message="Testing if the URL contains &#39;https://stage443.paltalk.com/people/users/test_user_2000/MyRewards.wmt&#39; in 5000ms - expected &#34;contains &#39;https://stage443.paltalk.com/people/users/test_user_2000/MyRewards.wmt&#39;&#34; but got: &#34;https://stage443.paltalk.com/mpt/ControllerServlet?RequestId=MyPalTalk.PreLogin&amp;continue=https%3A%2F%2Fstage443.paltalk.com%2Fpeople%2Fusers%2Ftest_user_2000%2FMyRewards.wmt&#34; (5007ms)">    at rewards page check (D:\Projects\Paltalk\WEBCG\paltalk-automation\nightwatch-pt\tests\rewardsTest.js:24:21)</failure>
<system-out>[[ATTACHMENT|D:\Projects\Paltalk\WEBCG\paltalk-automation\nightwatch-pt\tests_output\screenshots\rewardsTest\rewards-page-check_FAILED_Jul-24-2024-111420-GMT+0530.png]]</system-out>
    
    </testcase>
  

  

    

  
  </testsuite>
</testsuites>
